   0  $accept : %entry% $end

   1  main : expr EOEX

   2  expr : TRUE
   3       | FALSE
   4       | expr AND expr
   5       | expr OR expr
   6       | expr IMPLIES expr
   7       | NOT expr
   8       | LPAREN expr RPAREN

   9  %entry% : '\001' main

state 0
	$accept : . %entry% $end  (0)

	'\001'  shift 1
	.  error

	%entry%  goto 2


state 1
	%entry% : '\001' . main  (9)

	NOT  shift 3
	TRUE  shift 4
	FALSE  shift 5
	LPAREN  shift 6
	.  error

	main  goto 7
	expr  goto 8


state 2
	$accept : %entry% . $end  (0)

	$end  accept


state 3
	expr : NOT . expr  (7)

	NOT  shift 3
	TRUE  shift 4
	FALSE  shift 5
	LPAREN  shift 6
	.  error

	expr  goto 9


state 4
	expr : TRUE .  (2)

	.  reduce 2


state 5
	expr : FALSE .  (3)

	.  reduce 3


state 6
	expr : LPAREN . expr RPAREN  (8)

	NOT  shift 3
	TRUE  shift 4
	FALSE  shift 5
	LPAREN  shift 6
	.  error

	expr  goto 10


state 7
	%entry% : '\001' main .  (9)

	.  reduce 9


state 8
	main : expr . EOEX  (1)
	expr : expr . AND expr  (4)
	expr : expr . OR expr  (5)
	expr : expr . IMPLIES expr  (6)

	AND  shift 11
	OR  shift 12
	IMPLIES  shift 13
	EOEX  shift 14
	.  error


state 9
	expr : expr . AND expr  (4)
	expr : expr . OR expr  (5)
	expr : expr . IMPLIES expr  (6)
	expr : NOT expr .  (7)

	.  reduce 7


state 10
	expr : expr . AND expr  (4)
	expr : expr . OR expr  (5)
	expr : expr . IMPLIES expr  (6)
	expr : LPAREN expr . RPAREN  (8)

	AND  shift 11
	OR  shift 12
	IMPLIES  shift 13
	RPAREN  shift 15
	.  error


state 11
	expr : expr AND . expr  (4)

	NOT  shift 3
	TRUE  shift 4
	FALSE  shift 5
	LPAREN  shift 6
	.  error

	expr  goto 16


state 12
	expr : expr OR . expr  (5)

	NOT  shift 3
	TRUE  shift 4
	FALSE  shift 5
	LPAREN  shift 6
	.  error

	expr  goto 17


state 13
	expr : expr IMPLIES . expr  (6)

	NOT  shift 3
	TRUE  shift 4
	FALSE  shift 5
	LPAREN  shift 6
	.  error

	expr  goto 18


state 14
	main : expr EOEX .  (1)

	.  reduce 1


state 15
	expr : LPAREN expr RPAREN .  (8)

	.  reduce 8


state 16
	expr : expr . AND expr  (4)
	expr : expr AND expr .  (4)
	expr : expr . OR expr  (5)
	expr : expr . IMPLIES expr  (6)

	AND  shift 11
	OR  reduce 4
	IMPLIES  reduce 4
	RPAREN  reduce 4
	EOEX  reduce 4


state 17
	expr : expr . AND expr  (4)
	expr : expr . OR expr  (5)
	expr : expr OR expr .  (5)
	expr : expr . IMPLIES expr  (6)

	AND  shift 11
	OR  shift 12
	IMPLIES  reduce 5
	RPAREN  reduce 5
	EOEX  reduce 5


state 18
	expr : expr . AND expr  (4)
	expr : expr . OR expr  (5)
	expr : expr . IMPLIES expr  (6)
	expr : expr IMPLIES expr .  (6)

	AND  shift 11
	OR  shift 12
	IMPLIES  shift 13
	RPAREN  reduce 6
	EOEX  reduce 6


13 terminals, 4 nonterminals
10 grammar rules, 19 states
